2023-12-09 15:18:44,515 file.manager INFO 2.0.1
2023-12-09 15:18:44,515 file.manager INFO Copyright (C) 2003-2022, Noriaki Ando and OpenRTM development team,
2023-12-09 15:18:44,515 file.manager INFO   Intelligent Systems Research Institute, AIST,
2023-12-09 15:18:44,516 file.manager INFO Copyright (C) 2022, Noriaki Ando and OpenRTM development team,
2023-12-09 15:18:44,516 file.manager INFO   Industrial Cyber-Physical Research Center, AIST,
2023-12-09 15:18:44,516 file.manager INFO   All right reserved.
2023-12-09 15:18:44,516 file.manager INFO Manager starting.
2023-12-09 15:18:44,516 file.manager INFO Starting local logging.
2023-12-09 15:18:44,522 file.manager.namingmanager INFO NameServer connection succeeded: corba/localhost
2023-12-09 15:18:48,604 file.ManagerServant INFO Master manager not found
2023-12-09 15:18:48,605 file.LocalServiceAdmin INFO All the local services are enabled.
2023-12-09 15:18:48,608 file.manager INFO Component type conf file: face_cut.conf loaded.
2023-12-09 15:18:48,608 file.ec_base INFO setRate(1000000.000000) done
2023-12-09 15:18:48,608 file.ec_base INFO setRate(1000.000000) done
2023-12-09 15:18:48,609 file.rtobject INFO 1 execution context was created.
2023-12-09 15:18:48,610 file.rtobject INFO Initial active configuration set is default.
2023-12-09 15:19:02,762 file.ManagerServant INFO Master manager not found
2023-12-09 15:19:12,789 file.ManagerServant INFO Master manager not found
2023-12-09 15:19:22,815 file.ManagerServant INFO Master manager not found
2023-12-09 15:19:32,808 file.ManagerServant INFO Master manager not found
2023-12-09 15:19:42,924 file.ManagerServant INFO Master manager not found
2023-12-09 15:19:52,955 file.ManagerServant INFO Master manager not found
2023-12-09 15:20:02,950 file.ManagerServant INFO Master manager not found
2023-12-09 15:20:13,038 file.ManagerServant INFO Master manager not found
2023-12-09 15:20:23,150 file.ManagerServant INFO Master manager not found
2023-12-09 15:20:33,141 file.ManagerServant INFO Master manager not found
2023-12-09 15:20:43,246 file.ManagerServant INFO Master manager not found
2023-12-09 15:20:53,260 file.ManagerServant INFO Master manager not found
2023-12-09 15:21:03,285 file.ManagerServant INFO Master manager not found
2023-12-09 15:21:13,287 file.ManagerServant INFO Master manager not found
2023-12-09 15:21:23,288 file.ManagerServant INFO Master manager not found
2023-12-09 15:21:33,628 file.ManagerServant INFO Master manager not found
2023-12-09 15:21:43,665 file.ManagerServant INFO Master manager not found
2023-12-09 15:21:53,669 file.ManagerServant INFO Master manager not found
