2023-12-09 21:55:56,817 file.manager INFO 2.0.1
2023-12-09 21:55:56,817 file.manager INFO Copyright (C) 2003-2022, Noriaki Ando and OpenRTM development team,
2023-12-09 21:55:56,817 file.manager INFO   Intelligent Systems Research Institute, AIST,
2023-12-09 21:55:56,817 file.manager INFO Copyright (C) 2022, Noriaki Ando and OpenRTM development team,
2023-12-09 21:55:56,817 file.manager INFO   Industrial Cyber-Physical Research Center, AIST,
2023-12-09 21:55:56,817 file.manager INFO   All right reserved.
2023-12-09 21:55:56,817 file.manager INFO Manager starting.
2023-12-09 21:55:56,817 file.manager INFO Starting local logging.
2023-12-09 21:55:56,821 file.manager.namingmanager INFO NameServer connection succeeded: corba/localhost
2023-12-09 21:56:00,893 file.ManagerServant INFO Master manager not found
2023-12-09 21:56:00,894 file.LocalServiceAdmin INFO All the local services are enabled.
2023-12-09 21:56:00,896 file.manager INFO Component type conf file: tardy_confirmation.conf loaded.
2023-12-09 21:56:00,896 file.ec_base INFO setRate(1000000.000000) done
2023-12-09 21:56:00,896 file.ec_base INFO setRate(1000.000000) done
2023-12-09 21:56:00,897 file.rtobject INFO 1 execution context was created.
2023-12-09 21:56:00,898 file.rtobject INFO Initial active configuration set is default.
2023-12-09 21:56:15,047 file.ManagerServant INFO Master manager not found
2023-12-09 21:56:24,430 file.SdoServiceAdmin WARNING No available SDO service in the factory: 
2023-12-09 21:56:24,430 file.SdoServiceAdmin ERROR type  not exists.
2023-12-09 21:56:25,054 file.ManagerServant INFO Master manager not found
2023-12-09 21:56:35,070 file.ManagerServant INFO Master manager not found
2023-12-09 21:56:45,075 file.ManagerServant INFO Master manager not found
2023-12-09 21:56:47,165 file.rtobject ERROR Traceback (most recent call last):
  File "C:\Users\tbou3\AppData\Local\Programs\Python\Python311\Lib\site-packages\OpenRTM_aist\DataFlowComponentBase.py", line 123, in on_execute
    ret = self.onExecute(ec_id)
          ^^^^^^^^^^^^^^^^^^^^^
  File "C:\Users\tbou3\workspace\tardy_confirmation\tardy_confirmation.py", line 197, in onExecute
    if n_time :
       ^^^^^^
UnboundLocalError: cannot access local variable 'n_time' where it is not associated with a value

