2023-12-09 22:03:21,451 file.manager INFO 2.0.1
2023-12-09 22:03:21,451 file.manager INFO Copyright (C) 2003-2022, Noriaki Ando and OpenRTM development team,
2023-12-09 22:03:21,451 file.manager INFO   Intelligent Systems Research Institute, AIST,
2023-12-09 22:03:21,451 file.manager INFO Copyright (C) 2022, Noriaki Ando and OpenRTM development team,
2023-12-09 22:03:21,451 file.manager INFO   Industrial Cyber-Physical Research Center, AIST,
2023-12-09 22:03:21,451 file.manager INFO   All right reserved.
2023-12-09 22:03:21,452 file.manager INFO Manager starting.
2023-12-09 22:03:21,452 file.manager INFO Starting local logging.
2023-12-09 22:03:21,457 file.manager.namingmanager INFO NameServer connection succeeded: corba/localhost
2023-12-09 22:03:25,515 file.ManagerServant INFO Master manager not found
2023-12-09 22:03:25,516 file.LocalServiceAdmin INFO All the local services are enabled.
2023-12-09 22:03:25,519 file.manager INFO Component type conf file: tardy_confirmation.conf loaded.
2023-12-09 22:03:25,520 file.ec_base INFO setRate(1000000.000000) done
2023-12-09 22:03:25,520 file.ec_base INFO setRate(1000.000000) done
2023-12-09 22:03:25,521 file.rtobject INFO 1 execution context was created.
2023-12-09 22:03:25,522 file.rtobject INFO Initial active configuration set is default.
2023-12-09 22:03:39,612 file.ManagerServant INFO Master manager not found
2023-12-09 22:03:49,702 file.ManagerServant INFO Master manager not found
2023-12-09 22:03:59,776 file.ManagerServant INFO Master manager not found
2023-12-09 22:04:09,896 file.ManagerServant INFO Master manager not found
2023-12-09 22:04:19,903 file.ManagerServant INFO Master manager not found
2023-12-09 22:04:29,934 file.ManagerServant INFO Master manager not found
2023-12-09 22:04:39,967 file.ManagerServant INFO Master manager not found
2023-12-09 22:04:50,001 file.ManagerServant INFO Master manager not found
2023-12-09 22:05:00,003 file.ManagerServant INFO Master manager not found
2023-12-09 22:05:10,015 file.ManagerServant INFO Master manager not found
2023-12-09 22:05:20,023 file.ManagerServant INFO Master manager not found
