2023-12-02 22:22:33,865 file.manager INFO 2.0.1
2023-12-02 22:22:33,865 file.manager INFO Copyright (C) 2003-2022, Noriaki Ando and OpenRTM development team,
2023-12-02 22:22:33,865 file.manager INFO   Intelligent Systems Research Institute, AIST,
2023-12-02 22:22:33,865 file.manager INFO Copyright (C) 2022, Noriaki Ando and OpenRTM development team,
2023-12-02 22:22:33,865 file.manager INFO   Industrial Cyber-Physical Research Center, AIST,
2023-12-02 22:22:33,865 file.manager INFO   All right reserved.
2023-12-02 22:22:33,865 file.manager INFO Manager starting.
2023-12-02 22:22:33,865 file.manager INFO Starting local logging.
2023-12-02 22:22:37,984 file.manager.namingmanager INFO NameServer connection failed: corba/localhost
2023-12-02 22:22:42,066 file.ManagerServant INFO Master manager not found
2023-12-02 22:22:42,067 file.LocalServiceAdmin INFO All the local services are enabled.
2023-12-02 22:22:42,070 file.manager INFO Component type conf file: tardy_confirmation.conf loaded.
2023-12-02 22:22:42,071 file.ec_base INFO setRate(1000000.000000) done
2023-12-02 22:22:42,071 file.ec_base INFO setRate(1000.000000) done
2023-12-02 22:22:42,071 file.rtobject INFO 1 execution context was created.
2023-12-02 22:22:42,073 file.rtobject INFO Initial active configuration set is default.
2023-12-02 22:22:56,179 file.manager.namingmanager INFO NameServer connection failed: corba/localhost
2023-12-02 22:23:00,251 file.ManagerServant INFO Master manager not found
2023-12-02 22:23:02,180 file.manager.namingmanager INFO NameServer connection succeeded: corba/localhost
2023-12-02 22:23:02,180 file.manager.namingmanager INFO Connected to a name server: corba/localhost
2023-12-02 22:23:06,266 file.ManagerServant INFO Master manager not found
2023-12-02 22:23:16,272 file.ManagerServant INFO Master manager not found
2023-12-02 22:23:26,303 file.ManagerServant INFO Master manager not found
2023-12-02 22:23:36,315 file.ManagerServant INFO Master manager not found
2023-12-02 22:23:46,306 file.ManagerServant INFO Master manager not found
2023-12-02 22:23:56,425 file.ManagerServant INFO Master manager not found
2023-12-02 22:24:06,460 file.ManagerServant INFO Master manager not found
2023-12-02 22:24:16,460 file.ManagerServant INFO Master manager not found
2023-12-02 22:24:26,462 file.ManagerServant INFO Master manager not found
2023-12-02 22:24:36,603 file.ManagerServant INFO Master manager not found
2023-12-02 22:24:46,604 file.ManagerServant INFO Master manager not found
2023-12-02 22:24:56,710 file.ManagerServant INFO Master manager not found
