2023-12-09 22:02:59,247 file.manager INFO 2.0.1
2023-12-09 22:02:59,247 file.manager INFO Copyright (C) 2003-2022, Noriaki Ando and OpenRTM development team,
2023-12-09 22:02:59,247 file.manager INFO   Intelligent Systems Research Institute, AIST,
2023-12-09 22:02:59,247 file.manager INFO Copyright (C) 2022, Noriaki Ando and OpenRTM development team,
2023-12-09 22:02:59,247 file.manager INFO   Industrial Cyber-Physical Research Center, AIST,
2023-12-09 22:02:59,247 file.manager INFO   All right reserved.
2023-12-09 22:02:59,247 file.manager INFO Manager starting.
2023-12-09 22:02:59,248 file.manager INFO Starting local logging.
2023-12-09 22:02:59,253 file.manager.namingmanager INFO NameServer connection succeeded: corba/localhost
2023-12-09 22:03:03,312 file.ManagerServant INFO Master manager not found
2023-12-09 22:03:03,313 file.LocalServiceAdmin INFO All the local services are enabled.
2023-12-09 22:03:03,315 file.manager INFO Component type conf file: facial_identification.conf loaded.
2023-12-09 22:03:03,316 file.ec_base INFO setRate(1000000.000000) done
2023-12-09 22:03:03,316 file.ec_base INFO setRate(1000.000000) done
2023-12-09 22:03:03,316 file.rtobject INFO 1 execution context was created.
2023-12-09 22:03:03,318 file.rtobject INFO Initial active configuration set is default.
2023-12-09 22:03:17,396 file.ManagerServant INFO Master manager not found
2023-12-09 22:03:27,468 file.ManagerServant INFO Master manager not found
2023-12-09 22:03:37,538 file.ManagerServant INFO Master manager not found
2023-12-09 22:03:47,631 file.ManagerServant INFO Master manager not found
2023-12-09 22:03:57,651 file.ManagerServant INFO Master manager not found
2023-12-09 22:04:07,707 file.ManagerServant INFO Master manager not found
2023-12-09 22:04:17,725 file.ManagerServant INFO Master manager not found
2023-12-09 22:04:27,738 file.ManagerServant INFO Master manager not found
2023-12-09 22:04:37,753 file.ManagerServant INFO Master manager not found
2023-12-09 22:04:47,770 file.ManagerServant INFO Master manager not found
2023-12-09 22:04:57,779 file.ManagerServant INFO Master manager not found
2023-12-09 22:05:07,783 file.ManagerServant INFO Master manager not found
