2023-12-09 21:51:26,225 file.manager INFO 2.0.1
2023-12-09 21:51:26,225 file.manager INFO Copyright (C) 2003-2022, Noriaki Ando and OpenRTM development team,
2023-12-09 21:51:26,225 file.manager INFO   Intelligent Systems Research Institute, AIST,
2023-12-09 21:51:26,225 file.manager INFO Copyright (C) 2022, Noriaki Ando and OpenRTM development team,
2023-12-09 21:51:26,225 file.manager INFO   Industrial Cyber-Physical Research Center, AIST,
2023-12-09 21:51:26,225 file.manager INFO   All right reserved.
2023-12-09 21:51:26,225 file.manager INFO Manager starting.
2023-12-09 21:51:26,225 file.manager INFO Starting local logging.
2023-12-09 21:51:26,231 file.manager.namingmanager INFO NameServer connection succeeded: corba/localhost
2023-12-09 21:51:30,354 file.ManagerServant INFO Master manager not found
2023-12-09 21:51:30,355 file.LocalServiceAdmin INFO All the local services are enabled.
2023-12-09 21:51:30,357 file.manager INFO Component type conf file: facial_identification.conf loaded.
2023-12-09 21:51:30,357 file.ec_base INFO setRate(1000000.000000) done
2023-12-09 21:51:30,357 file.ec_base INFO setRate(1000.000000) done
2023-12-09 21:51:30,358 file.rtobject INFO 1 execution context was created.
2023-12-09 21:51:30,359 file.rtobject INFO Initial active configuration set is default.
2023-12-09 21:51:44,494 file.ManagerServant INFO Master manager not found
2023-12-09 21:51:54,513 file.ManagerServant INFO Master manager not found
2023-12-09 21:52:04,679 file.ManagerServant INFO Master manager not found
2023-12-09 21:52:14,708 file.ManagerServant INFO Master manager not found
2023-12-09 21:52:24,812 file.ManagerServant INFO Master manager not found
