2023-12-09 21:48:24,002 file.manager INFO 2.0.1
2023-12-09 21:48:24,002 file.manager INFO Copyright (C) 2003-2022, Noriaki Ando and OpenRTM development team,
2023-12-09 21:48:24,002 file.manager INFO   Intelligent Systems Research Institute, AIST,
2023-12-09 21:48:24,002 file.manager INFO Copyright (C) 2022, Noriaki Ando and OpenRTM development team,
2023-12-09 21:48:24,002 file.manager INFO   Industrial Cyber-Physical Research Center, AIST,
2023-12-09 21:48:24,002 file.manager INFO   All right reserved.
2023-12-09 21:48:24,002 file.manager INFO Manager starting.
2023-12-09 21:48:24,002 file.manager INFO Starting local logging.
2023-12-09 21:48:28,099 file.manager.namingmanager INFO NameServer connection failed: corba/localhost
2023-12-09 21:48:32,197 file.ManagerServant INFO Master manager not found
2023-12-09 21:48:32,198 file.LocalServiceAdmin INFO All the local services are enabled.
2023-12-09 21:48:32,208 file.manager INFO Component type conf file: facial_identification.conf loaded.
2023-12-09 21:48:32,209 file.ec_base INFO setRate(1000000.000000) done
2023-12-09 21:48:32,209 file.ec_base INFO setRate(1000.000000) done
2023-12-09 21:48:32,210 file.rtobject INFO 1 execution context was created.
2023-12-09 21:48:32,211 file.rtobject INFO Initial active configuration set is default.
2023-12-09 21:48:46,306 file.manager.namingmanager INFO NameServer connection failed: corba/localhost
2023-12-09 21:48:50,348 file.ManagerServant INFO Master manager not found
2023-12-09 21:48:52,873 file.manager.namingmanager INFO NameServer connection succeeded: corba/localhost
2023-12-09 21:48:52,873 file.manager.namingmanager INFO Connected to a name server: corba/localhost
2023-12-09 21:48:56,919 file.ManagerServant INFO Master manager not found
2023-12-09 21:49:06,477 file.ManagerServant INFO Master manager not found
2023-12-09 21:49:16,556 file.ManagerServant INFO Master manager not found
2023-12-09 21:49:26,641 file.ManagerServant INFO Master manager not found
2023-12-09 21:49:36,739 file.ManagerServant INFO Master manager not found
2023-12-09 21:49:46,832 file.ManagerServant INFO Master manager not found
2023-12-09 21:49:56,843 file.ManagerServant INFO Master manager not found
2023-12-09 21:50:06,864 file.ManagerServant INFO Master manager not found
