2023-12-09 22:00:58,321 file.manager INFO 2.0.1
2023-12-09 22:00:58,321 file.manager INFO Copyright (C) 2003-2022, Noriaki Ando and OpenRTM development team,
2023-12-09 22:00:58,321 file.manager INFO   Intelligent Systems Research Institute, AIST,
2023-12-09 22:00:58,321 file.manager INFO Copyright (C) 2022, Noriaki Ando and OpenRTM development team,
2023-12-09 22:00:58,321 file.manager INFO   Industrial Cyber-Physical Research Center, AIST,
2023-12-09 22:00:58,321 file.manager INFO   All right reserved.
2023-12-09 22:00:58,321 file.manager INFO Manager starting.
2023-12-09 22:00:58,321 file.manager INFO Starting local logging.
2023-12-09 22:00:58,327 file.manager.namingmanager INFO NameServer connection succeeded: corba/localhost
2023-12-09 22:01:02,379 file.ManagerServant INFO Master manager not found
2023-12-09 22:01:02,380 file.LocalServiceAdmin INFO All the local services are enabled.
2023-12-09 22:01:02,387 file.manager INFO Component type conf file: notification.conf loaded.
2023-12-09 22:01:02,388 file.ec_base INFO setRate(1000000.000000) done
2023-12-09 22:01:02,388 file.ec_base INFO setRate(1000.000000) done
2023-12-09 22:01:02,389 file.rtobject INFO 1 execution context was created.
2023-12-09 22:01:02,389 file.rtobject INFO Initial active configuration set is default.
2023-12-09 22:01:16,520 file.ManagerServant INFO Master manager not found
2023-12-09 22:01:26,591 file.ManagerServant INFO Master manager not found
2023-12-09 22:01:36,663 file.ManagerServant INFO Master manager not found
2023-12-09 22:01:46,734 file.ManagerServant INFO Master manager not found
2023-12-09 22:01:56,810 file.ManagerServant INFO Master manager not found
2023-12-09 22:02:06,874 file.ManagerServant INFO Master manager not found
