2023-12-09 21:48:09,197 file.manager INFO 2.0.1
2023-12-09 21:48:09,197 file.manager INFO Copyright (C) 2003-2022, Noriaki Ando and OpenRTM development team,
2023-12-09 21:48:09,197 file.manager INFO   Intelligent Systems Research Institute, AIST,
2023-12-09 21:48:09,197 file.manager INFO Copyright (C) 2022, Noriaki Ando and OpenRTM development team,
2023-12-09 21:48:09,197 file.manager INFO   Industrial Cyber-Physical Research Center, AIST,
2023-12-09 21:48:09,197 file.manager INFO   All right reserved.
2023-12-09 21:48:09,197 file.manager INFO Manager starting.
2023-12-09 21:48:09,197 file.manager INFO Starting local logging.
2023-12-09 21:48:13,302 file.manager.namingmanager INFO NameServer connection failed: corba/localhost
2023-12-09 21:48:23,934 file.ManagerServant INFO Master manager not found
2023-12-09 21:48:23,935 file.LocalServiceAdmin INFO All the local services are enabled.
2023-12-09 21:48:23,945 file.manager INFO Component type conf file: face_cut.conf loaded.
2023-12-09 21:48:23,946 file.ec_base INFO setRate(1000000.000000) done
2023-12-09 21:48:23,947 file.ec_base INFO setRate(1000.000000) done
2023-12-09 21:48:23,947 file.rtobject INFO 1 execution context was created.
2023-12-09 21:48:23,948 file.rtobject INFO Initial active configuration set is default.
2023-12-09 21:48:38,102 file.manager.namingmanager INFO NameServer connection failed: corba/localhost
2023-12-09 21:48:42,145 file.ManagerServant INFO Master manager not found
2023-12-09 21:48:48,096 file.manager.namingmanager INFO NameServer connection failed: corba/localhost
2023-12-09 21:48:52,137 file.ManagerServant INFO Master manager not found
2023-12-09 21:48:54,169 file.manager.namingmanager INFO NameServer connection succeeded: corba/localhost
2023-12-09 21:48:54,169 file.manager.namingmanager INFO Connected to a name server: corba/localhost
2023-12-09 21:48:58,203 file.ManagerServant INFO Master manager not found
2023-12-09 21:49:08,266 file.ManagerServant INFO Master manager not found
2023-12-09 21:49:18,276 file.ManagerServant INFO Master manager not found
2023-12-09 21:49:28,405 file.ManagerServant INFO Master manager not found
2023-12-09 21:49:38,469 file.ManagerServant INFO Master manager not found
2023-12-09 21:49:48,501 file.ManagerServant INFO Master manager not found
2023-12-09 21:49:58,513 file.ManagerServant INFO Master manager not found
2023-12-09 21:50:08,609 file.ManagerServant INFO Master manager not found
