2023-12-09 15:40:35,791 file.manager INFO 2.0.1
2023-12-09 15:40:35,791 file.manager INFO Copyright (C) 2003-2022, Noriaki Ando and OpenRTM development team,
2023-12-09 15:40:35,791 file.manager INFO   Intelligent Systems Research Institute, AIST,
2023-12-09 15:40:35,791 file.manager INFO Copyright (C) 2022, Noriaki Ando and OpenRTM development team,
2023-12-09 15:40:35,791 file.manager INFO   Industrial Cyber-Physical Research Center, AIST,
2023-12-09 15:40:35,791 file.manager INFO   All right reserved.
2023-12-09 15:40:35,791 file.manager INFO Manager starting.
2023-12-09 15:40:35,791 file.manager INFO Starting local logging.
2023-12-09 15:40:35,797 file.manager.namingmanager INFO NameServer connection succeeded: corba/localhost
2023-12-09 15:40:39,890 file.ManagerServant INFO Master manager not found
2023-12-09 15:40:39,891 file.LocalServiceAdmin INFO All the local services are enabled.
2023-12-09 15:40:39,893 file.manager INFO Component type conf file: face_cut.conf loaded.
2023-12-09 15:40:39,894 file.ec_base INFO setRate(1000000.000000) done
2023-12-09 15:40:39,894 file.ec_base INFO setRate(1000.000000) done
2023-12-09 15:40:39,894 file.rtobject INFO 1 execution context was created.
2023-12-09 15:40:39,895 file.rtobject INFO Initial active configuration set is default.
2023-12-09 15:40:54,028 file.ManagerServant INFO Master manager not found
2023-12-09 15:41:01,776 file.SdoServiceAdmin WARNING No available SDO service in the factory: 
2023-12-09 15:41:01,777 file.SdoServiceAdmin ERROR type  not exists.
2023-12-09 15:41:04,043 file.ManagerServant INFO Master manager not found
2023-12-09 15:41:14,042 file.ManagerServant INFO Master manager not found
2023-12-09 15:41:24,134 file.ManagerServant INFO Master manager not found
2023-12-09 15:41:34,252 file.ManagerServant INFO Master manager not found
2023-12-09 15:41:44,268 file.ManagerServant INFO Master manager not found
2023-12-09 15:41:54,288 file.ManagerServant INFO Master manager not found
2023-12-09 15:42:04,337 file.ManagerServant INFO Master manager not found
2023-12-09 15:42:14,379 file.ManagerServant INFO Master manager not found
