2023-12-09 15:24:15,075 file.manager INFO 2.0.1
2023-12-09 15:24:15,076 file.manager INFO Copyright (C) 2003-2022, Noriaki Ando and OpenRTM development team,
2023-12-09 15:24:15,076 file.manager INFO   Intelligent Systems Research Institute, AIST,
2023-12-09 15:24:15,076 file.manager INFO Copyright (C) 2022, Noriaki Ando and OpenRTM development team,
2023-12-09 15:24:15,076 file.manager INFO   Industrial Cyber-Physical Research Center, AIST,
2023-12-09 15:24:15,076 file.manager INFO   All right reserved.
2023-12-09 15:24:15,076 file.manager INFO Manager starting.
2023-12-09 15:24:15,076 file.manager INFO Starting local logging.
2023-12-09 15:24:15,083 file.manager.namingmanager INFO NameServer connection succeeded: corba/localhost
2023-12-09 15:24:19,167 file.ManagerServant INFO Master manager not found
2023-12-09 15:24:19,167 file.LocalServiceAdmin INFO All the local services are enabled.
2023-12-09 15:24:19,169 file.manager INFO Component type conf file: face_cut.conf loaded.
2023-12-09 15:24:19,170 file.ec_base INFO setRate(1000000.000000) done
2023-12-09 15:24:19,170 file.ec_base INFO setRate(1000.000000) done
2023-12-09 15:24:19,170 file.rtobject INFO 1 execution context was created.
2023-12-09 15:24:19,172 file.rtobject INFO Initial active configuration set is default.
2023-12-09 15:24:33,327 file.ManagerServant INFO Master manager not found
2023-12-09 15:24:43,344 file.ManagerServant INFO Master manager not found
2023-12-09 15:24:53,363 file.ManagerServant INFO Master manager not found
2023-12-09 15:25:03,384 file.ManagerServant INFO Master manager not found
2023-12-09 15:25:13,402 file.ManagerServant INFO Master manager not found
2023-12-09 15:25:23,443 file.ManagerServant INFO Master manager not found
2023-12-09 15:25:33,482 file.ManagerServant INFO Master manager not found
2023-12-09 15:25:43,497 file.ManagerServant INFO Master manager not found
2023-12-09 15:25:53,516 file.ManagerServant INFO Master manager not found
2023-12-09 15:26:03,519 file.ManagerServant INFO Master manager not found
2023-12-09 15:26:13,546 file.ManagerServant INFO Master manager not found
2023-12-09 15:26:23,566 file.ManagerServant INFO Master manager not found
2023-12-09 15:26:33,598 file.ManagerServant INFO Master manager not found
2023-12-09 15:26:43,637 file.ManagerServant INFO Master manager not found
2023-12-09 15:26:53,655 file.ManagerServant INFO Master manager not found
2023-12-09 15:27:03,693 file.ManagerServant INFO Master manager not found
2023-12-09 15:27:13,711 file.ManagerServant INFO Master manager not found
2023-12-09 15:27:23,737 file.ManagerServant INFO Master manager not found
2023-12-09 15:27:33,740 file.ManagerServant INFO Master manager not found
2023-12-09 15:27:43,792 file.ManagerServant INFO Master manager not found
2023-12-09 15:27:53,831 file.ManagerServant INFO Master manager not found
2023-12-09 15:28:03,837 file.ManagerServant INFO Master manager not found
2023-12-09 15:28:13,933 file.ManagerServant INFO Master manager not found
2023-12-09 15:28:24,008 file.ManagerServant INFO Master manager not found
2023-12-09 15:28:34,019 file.ManagerServant INFO Master manager not found
