2023-12-09 15:22:03,872 file.manager INFO 2.0.1
2023-12-09 15:22:03,873 file.manager INFO Copyright (C) 2003-2022, Noriaki Ando and OpenRTM development team,
2023-12-09 15:22:03,873 file.manager INFO   Intelligent Systems Research Institute, AIST,
2023-12-09 15:22:03,873 file.manager INFO Copyright (C) 2022, Noriaki Ando and OpenRTM development team,
2023-12-09 15:22:03,873 file.manager INFO   Industrial Cyber-Physical Research Center, AIST,
2023-12-09 15:22:03,873 file.manager INFO   All right reserved.
2023-12-09 15:22:03,873 file.manager INFO Manager starting.
2023-12-09 15:22:03,873 file.manager INFO Starting local logging.
2023-12-09 15:22:03,878 file.manager.namingmanager INFO NameServer connection succeeded: corba/localhost
2023-12-09 15:22:07,970 file.ManagerServant INFO Master manager not found
2023-12-09 15:22:07,970 file.LocalServiceAdmin INFO All the local services are enabled.
2023-12-09 15:22:07,973 file.manager INFO Component type conf file: face_cut.conf loaded.
2023-12-09 15:22:07,973 file.ec_base INFO setRate(1000000.000000) done
2023-12-09 15:22:07,974 file.ec_base INFO setRate(1000.000000) done
2023-12-09 15:22:07,974 file.rtobject INFO 1 execution context was created.
2023-12-09 15:22:07,975 file.rtobject INFO Initial active configuration set is default.
2023-12-09 15:22:22,118 file.ManagerServant INFO Master manager not found
2023-12-09 15:22:32,118 file.ManagerServant INFO Master manager not found
2023-12-09 15:22:42,133 file.ManagerServant INFO Master manager not found
2023-12-09 15:22:52,164 file.ManagerServant INFO Master manager not found
2023-12-09 15:23:02,178 file.ManagerServant INFO Master manager not found
2023-12-09 15:23:12,223 file.ManagerServant INFO Master manager not found
2023-12-09 15:23:22,291 file.ManagerServant INFO Master manager not found
2023-12-09 15:23:32,355 file.ManagerServant INFO Master manager not found
2023-12-09 15:23:42,393 file.ManagerServant INFO Master manager not found
2023-12-09 15:23:52,494 file.ManagerServant INFO Master manager not found
2023-12-09 15:24:02,538 file.ManagerServant INFO Master manager not found
2023-12-09 15:24:12,586 file.ManagerServant INFO Master manager not found
