2023-12-09 21:51:03,633 file.manager INFO 2.0.1
2023-12-09 21:51:03,634 file.manager INFO Copyright (C) 2003-2022, Noriaki Ando and OpenRTM development team,
2023-12-09 21:51:03,634 file.manager INFO   Intelligent Systems Research Institute, AIST,
2023-12-09 21:51:03,634 file.manager INFO Copyright (C) 2022, Noriaki Ando and OpenRTM development team,
2023-12-09 21:51:03,635 file.manager INFO   Industrial Cyber-Physical Research Center, AIST,
2023-12-09 21:51:03,635 file.manager INFO   All right reserved.
2023-12-09 21:51:03,635 file.manager INFO Manager starting.
2023-12-09 21:51:03,635 file.manager INFO Starting local logging.
2023-12-09 21:51:03,640 file.manager.namingmanager INFO NameServer connection succeeded: corba/localhost
2023-12-09 21:51:07,736 file.ManagerServant INFO Master manager not found
2023-12-09 21:51:07,737 file.LocalServiceAdmin INFO All the local services are enabled.
2023-12-09 21:51:07,739 file.manager INFO Component type conf file: face_cut.conf loaded.
2023-12-09 21:51:07,739 file.ec_base INFO setRate(1000000.000000) done
2023-12-09 21:51:07,740 file.ec_base INFO setRate(1000.000000) done
2023-12-09 21:51:07,740 file.rtobject INFO 1 execution context was created.
2023-12-09 21:51:07,741 file.rtobject INFO Initial active configuration set is default.
2023-12-09 21:51:21,909 file.ManagerServant INFO Master manager not found
2023-12-09 21:51:30,009 file.SdoServiceAdmin WARNING No available SDO service in the factory: 
2023-12-09 21:51:30,009 file.SdoServiceAdmin ERROR type  not exists.
2023-12-09 21:51:31,942 file.ManagerServant INFO Master manager not found
2023-12-09 21:51:41,955 file.ManagerServant INFO Master manager not found
2023-12-09 21:51:51,979 file.ManagerServant INFO Master manager not found
2023-12-09 21:52:02,007 file.ManagerServant INFO Master manager not found
2023-12-09 21:52:12,047 file.ManagerServant INFO Master manager not found
2023-12-09 21:52:22,074 file.ManagerServant INFO Master manager not found
2023-12-09 21:52:32,086 file.ManagerServant INFO Master manager not found
