2023-12-09 21:59:32,820 file.manager INFO 2.0.1
2023-12-09 21:59:32,820 file.manager INFO Copyright (C) 2003-2022, Noriaki Ando and OpenRTM development team,
2023-12-09 21:59:32,821 file.manager INFO   Intelligent Systems Research Institute, AIST,
2023-12-09 21:59:32,821 file.manager INFO Copyright (C) 2022, Noriaki Ando and OpenRTM development team,
2023-12-09 21:59:32,821 file.manager INFO   Industrial Cyber-Physical Research Center, AIST,
2023-12-09 21:59:32,821 file.manager INFO   All right reserved.
2023-12-09 21:59:32,821 file.manager INFO Manager starting.
2023-12-09 21:59:32,821 file.manager INFO Starting local logging.
2023-12-09 21:59:32,828 file.manager.namingmanager INFO NameServer connection succeeded: corba/localhost
2023-12-09 21:59:36,929 file.ManagerServant INFO Master manager not found
2023-12-09 21:59:36,930 file.LocalServiceAdmin INFO All the local services are enabled.
2023-12-09 21:59:36,937 file.manager INFO Component type conf file: facial_identification.conf loaded.
2023-12-09 21:59:36,938 file.ec_base INFO setRate(1000000.000000) done
2023-12-09 21:59:36,938 file.ec_base INFO setRate(1000.000000) done
2023-12-09 21:59:36,938 file.rtobject INFO 1 execution context was created.
2023-12-09 21:59:36,940 file.rtobject INFO Initial active configuration set is default.
2023-12-09 21:59:51,071 file.ManagerServant INFO Master manager not found
2023-12-09 22:00:01,151 file.ManagerServant INFO Master manager not found
2023-12-09 22:00:11,261 file.ManagerServant INFO Master manager not found
2023-12-09 22:00:21,305 file.ManagerServant INFO Master manager not found
