2023-12-09 21:53:31,295 file.manager INFO 2.0.1
2023-12-09 21:53:31,295 file.manager INFO Copyright (C) 2003-2022, Noriaki Ando and OpenRTM development team,
2023-12-09 21:53:31,295 file.manager INFO   Intelligent Systems Research Institute, AIST,
2023-12-09 21:53:31,295 file.manager INFO Copyright (C) 2022, Noriaki Ando and OpenRTM development team,
2023-12-09 21:53:31,295 file.manager INFO   Industrial Cyber-Physical Research Center, AIST,
2023-12-09 21:53:31,295 file.manager INFO   All right reserved.
2023-12-09 21:53:31,295 file.manager INFO Manager starting.
2023-12-09 21:53:31,295 file.manager INFO Starting local logging.
2023-12-09 21:53:31,303 file.manager.namingmanager INFO NameServer connection succeeded: corba/localhost
2023-12-09 21:53:35,406 file.ManagerServant INFO Master manager not found
2023-12-09 21:53:35,407 file.LocalServiceAdmin INFO All the local services are enabled.
2023-12-09 21:53:35,409 file.manager INFO Component type conf file: facial_identification.conf loaded.
2023-12-09 21:53:35,409 file.ec_base INFO setRate(1000000.000000) done
2023-12-09 21:53:35,409 file.ec_base INFO setRate(1000.000000) done
2023-12-09 21:53:35,410 file.rtobject INFO 1 execution context was created.
2023-12-09 21:53:35,411 file.rtobject INFO Initial active configuration set is default.
2023-12-09 21:53:49,561 file.ManagerServant INFO Master manager not found
2023-12-09 21:53:53,821 file.SdoServiceAdmin WARNING No available SDO service in the factory: 
2023-12-09 21:53:53,821 file.SdoServiceAdmin ERROR type  not exists.
2023-12-09 21:53:59,576 file.ManagerServant INFO Master manager not found
2023-12-09 21:54:09,609 file.ManagerServant INFO Master manager not found
2023-12-09 21:54:19,679 file.ManagerServant INFO Master manager not found
