2023-11-19 21:02:41,085 file.manager INFO 2.0.1
2023-11-19 21:02:41,085 file.manager INFO Copyright (C) 2003-2022, Noriaki Ando and OpenRTM development team,
2023-11-19 21:02:41,085 file.manager INFO   Intelligent Systems Research Institute, AIST,
2023-11-19 21:02:41,085 file.manager INFO Copyright (C) 2022, Noriaki Ando and OpenRTM development team,
2023-11-19 21:02:41,085 file.manager INFO   Industrial Cyber-Physical Research Center, AIST,
2023-11-19 21:02:41,085 file.manager INFO   All right reserved.
2023-11-19 21:02:41,086 file.manager INFO Manager starting.
2023-11-19 21:02:41,086 file.manager INFO Starting local logging.
2023-11-19 21:02:41,092 file.manager.namingmanager INFO NameServer connection succeeded: corba/localhost
2023-11-19 21:02:45,168 file.ManagerServant INFO Master manager not found
2023-11-19 21:02:45,168 file.LocalServiceAdmin INFO All the local services are enabled.
2023-11-19 21:02:45,170 file.manager INFO Component type conf file: present_time.conf loaded.
2023-11-19 21:02:45,171 file.ec_base INFO setRate(1000000.000000) done
2023-11-19 21:02:45,171 file.ec_base INFO setRate(1000.000000) done
2023-11-19 21:02:45,171 file.rtobject INFO 1 execution context was created.
2023-11-19 21:02:45,172 file.rtobject INFO Initial active configuration set is default.
2023-11-19 21:02:57,635 file.rtobject ERROR Traceback (most recent call last):
  File "C:\Users\tbou3\AppData\Local\Programs\Python\Python311\Lib\site-packages\OpenRTM_aist\DataFlowComponentBase.py", line 123, in on_execute
    ret = self.onExecute(ec_id)
          ^^^^^^^^^^^^^^^^^^^^^
  File "C:\Users\tbou3\workspace\present_time\present_time.py", line 188, in onExecute
    n_time = time.split(':')
             ^^^^^^^^^^
AttributeError: module 'time' has no attribute 'split'

2023-11-19 21:02:59,308 file.ManagerServant INFO Master manager not found
