2023-12-09 21:51:18,495 file.manager INFO 2.0.1
2023-12-09 21:51:18,495 file.manager INFO Copyright (C) 2003-2022, Noriaki Ando and OpenRTM development team,
2023-12-09 21:51:18,495 file.manager INFO   Intelligent Systems Research Institute, AIST,
2023-12-09 21:51:18,495 file.manager INFO Copyright (C) 2022, Noriaki Ando and OpenRTM development team,
2023-12-09 21:51:18,495 file.manager INFO   Industrial Cyber-Physical Research Center, AIST,
2023-12-09 21:51:18,495 file.manager INFO   All right reserved.
2023-12-09 21:51:18,495 file.manager INFO Manager starting.
2023-12-09 21:51:18,495 file.manager INFO Starting local logging.
2023-12-09 21:51:18,500 file.manager.namingmanager INFO NameServer connection succeeded: corba/localhost
2023-12-09 21:51:22,593 file.ManagerServant INFO Master manager not found
2023-12-09 21:51:22,594 file.LocalServiceAdmin INFO All the local services are enabled.
2023-12-09 21:51:22,607 file.manager INFO Component type conf file: present_time.conf loaded.
2023-12-09 21:51:22,608 file.ec_base INFO setRate(1000000.000000) done
2023-12-09 21:51:22,608 file.ec_base INFO setRate(1000.000000) done
2023-12-09 21:51:22,608 file.rtobject INFO 1 execution context was created.
2023-12-09 21:51:22,609 file.rtobject INFO Initial active configuration set is default.
2023-12-09 21:51:36,740 file.ManagerServant INFO Master manager not found
2023-12-09 21:51:46,761 file.ManagerServant INFO Master manager not found
2023-12-09 21:51:56,781 file.ManagerServant INFO Master manager not found
2023-12-09 21:52:06,788 file.ManagerServant INFO Master manager not found
2023-12-09 21:52:16,815 file.ManagerServant INFO Master manager not found
2023-12-09 21:52:26,815 file.ManagerServant INFO Master manager not found
