2023-12-09 15:40:53,162 file.manager INFO 2.0.1
2023-12-09 15:40:53,162 file.manager INFO Copyright (C) 2003-2022, Noriaki Ando and OpenRTM development team,
2023-12-09 15:40:53,162 file.manager INFO   Intelligent Systems Research Institute, AIST,
2023-12-09 15:40:53,162 file.manager INFO Copyright (C) 2022, Noriaki Ando and OpenRTM development team,
2023-12-09 15:40:53,162 file.manager INFO   Industrial Cyber-Physical Research Center, AIST,
2023-12-09 15:40:53,162 file.manager INFO   All right reserved.
2023-12-09 15:40:53,162 file.manager INFO Manager starting.
2023-12-09 15:40:53,162 file.manager INFO Starting local logging.
2023-12-09 15:40:53,168 file.manager.namingmanager INFO NameServer connection succeeded: corba/localhost
2023-12-09 15:40:57,261 file.ManagerServant INFO Master manager not found
2023-12-09 15:40:57,262 file.LocalServiceAdmin INFO All the local services are enabled.
2023-12-09 15:40:57,264 file.manager INFO Component type conf file: cam_image_out.conf loaded.
2023-12-09 15:40:57,265 file.ec_base INFO setRate(1000000.000000) done
2023-12-09 15:40:57,265 file.ec_base INFO setRate(1000.000000) done
2023-12-09 15:40:57,265 file.rtobject INFO 1 execution context was created.
2023-12-09 15:40:57,265 file.rtobject INFO Initial active configuration set is default.
2023-12-09 15:41:11,404 file.ManagerServant INFO Master manager not found
2023-12-09 15:41:21,411 file.ManagerServant INFO Master manager not found
2023-12-09 15:41:31,420 file.ManagerServant INFO Master manager not found
2023-12-09 15:41:41,442 file.ManagerServant INFO Master manager not found
2023-12-09 15:41:51,446 file.ManagerServant INFO Master manager not found
2023-12-09 15:42:01,555 file.ManagerServant INFO Master manager not found
2023-12-09 15:42:11,565 file.ManagerServant INFO Master manager not found
2023-12-09 15:42:12,787 file.ec_base WARNING The component is not responding.
2023-12-09 15:42:12,787 file.ec_base ERROR Unknown error: Invalid state transition.
2023-12-09 15:42:21,567 file.ManagerServant INFO Master manager not found
