2023-12-09 22:03:16,506 file.manager INFO 2.0.1
2023-12-09 22:03:16,506 file.manager INFO Copyright (C) 2003-2022, Noriaki Ando and OpenRTM development team,
2023-12-09 22:03:16,507 file.manager INFO   Intelligent Systems Research Institute, AIST,
2023-12-09 22:03:16,507 file.manager INFO Copyright (C) 2022, Noriaki Ando and OpenRTM development team,
2023-12-09 22:03:16,507 file.manager INFO   Industrial Cyber-Physical Research Center, AIST,
2023-12-09 22:03:16,507 file.manager INFO   All right reserved.
2023-12-09 22:03:16,507 file.manager INFO Manager starting.
2023-12-09 22:03:16,507 file.manager INFO Starting local logging.
2023-12-09 22:03:16,513 file.manager.namingmanager INFO NameServer connection succeeded: corba/localhost
2023-12-09 22:03:20,567 file.ManagerServant INFO Master manager not found
2023-12-09 22:03:20,568 file.LocalServiceAdmin INFO All the local services are enabled.
2023-12-09 22:03:20,569 file.manager INFO Component type conf file: cam_image_out.conf loaded.
2023-12-09 22:03:20,570 file.ec_base INFO setRate(1000000.000000) done
2023-12-09 22:03:20,570 file.ec_base INFO setRate(1000.000000) done
2023-12-09 22:03:20,570 file.rtobject INFO 1 execution context was created.
2023-12-09 22:03:20,571 file.rtobject INFO Initial active configuration set is default.
2023-12-09 22:03:34,676 file.ManagerServant INFO Master manager not found
2023-12-09 22:03:44,750 file.ManagerServant INFO Master manager not found
2023-12-09 22:03:44,878 file.ec_base WARNING The component is not responding.
2023-12-09 22:03:44,878 file.ec_base ERROR Unknown error: Invalid state transition.
2023-12-09 22:03:54,829 file.ManagerServant INFO Master manager not found
2023-12-09 22:04:04,941 file.ManagerServant INFO Master manager not found
2023-12-09 22:04:05,307 file.SdoServiceAdmin WARNING No available SDO service in the factory: 
2023-12-09 22:04:05,307 file.SdoServiceAdmin ERROR type  not exists.
2023-12-09 22:04:06,931 file.ec_base ERROR The component is not responding.
2023-12-09 22:04:06,931 file.ec_base ERROR Unknown error: Invalid state transition.
2023-12-09 22:04:14,989 file.ManagerServant INFO Master manager not found
2023-12-09 22:04:24,995 file.ManagerServant INFO Master manager not found
2023-12-09 22:04:35,038 file.ManagerServant INFO Master manager not found
2023-12-09 22:04:45,060 file.ManagerServant INFO Master manager not found
2023-12-09 22:04:55,071 file.ManagerServant INFO Master manager not found
2023-12-09 22:05:05,077 file.ManagerServant INFO Master manager not found
2023-12-09 22:05:15,088 file.ManagerServant INFO Master manager not found
