2023-11-25 14:21:53,050 file.manager INFO 2.0.1
2023-11-25 14:21:53,051 file.manager INFO Copyright (C) 2003-2022, Noriaki Ando and OpenRTM development team,
2023-11-25 14:21:53,051 file.manager INFO   Intelligent Systems Research Institute, AIST,
2023-11-25 14:21:53,051 file.manager INFO Copyright (C) 2022, Noriaki Ando and OpenRTM development team,
2023-11-25 14:21:53,051 file.manager INFO   Industrial Cyber-Physical Research Center, AIST,
2023-11-25 14:21:53,051 file.manager INFO   All right reserved.
2023-11-25 14:21:53,052 file.manager INFO Manager starting.
2023-11-25 14:21:53,052 file.manager INFO Starting local logging.
2023-11-25 14:21:53,068 file.manager.namingmanager INFO NameServer connection succeeded: corba/localhost
2023-11-25 14:21:57,177 file.ManagerServant INFO Master manager not found
2023-11-25 14:21:57,181 file.LocalServiceAdmin INFO All the local services are enabled.
2023-11-25 14:21:57,233 file.manager INFO Component type conf file: cam_image_out.conf loaded.
2023-11-25 14:21:57,238 file.ec_base INFO setRate(1000000.000000) done
2023-11-25 14:21:57,239 file.ec_base INFO setRate(1000.000000) done
2023-11-25 14:21:57,241 file.rtobject INFO 1 execution context was created.
2023-11-25 14:21:57,245 file.rtobject INFO Initial active configuration set is default.
2023-11-25 14:22:11,481 file.ManagerServant INFO Master manager not found
2023-11-25 14:22:14,933 file.ec_base WARNING The component is not responding.
2023-11-25 14:22:14,933 file.ec_base ERROR Unknown error: Invalid state transition.
2023-11-25 14:22:21,509 file.ManagerServant INFO Master manager not found
