2023-12-09 21:59:24,107 file.manager INFO 2.0.1
2023-12-09 21:59:24,108 file.manager INFO Copyright (C) 2003-2022, Noriaki Ando and OpenRTM development team,
2023-12-09 21:59:24,108 file.manager INFO   Intelligent Systems Research Institute, AIST,
2023-12-09 21:59:24,108 file.manager INFO Copyright (C) 2022, Noriaki Ando and OpenRTM development team,
2023-12-09 21:59:24,108 file.manager INFO   Industrial Cyber-Physical Research Center, AIST,
2023-12-09 21:59:24,108 file.manager INFO   All right reserved.
2023-12-09 21:59:24,108 file.manager INFO Manager starting.
2023-12-09 21:59:24,108 file.manager INFO Starting local logging.
2023-12-09 21:59:24,113 file.manager.namingmanager INFO NameServer connection succeeded: corba/localhost
2023-12-09 21:59:28,204 file.ManagerServant INFO Master manager not found
2023-12-09 21:59:28,205 file.LocalServiceAdmin INFO All the local services are enabled.
2023-12-09 21:59:28,208 file.manager INFO Component type conf file: cam_image_out.conf loaded.
2023-12-09 21:59:28,209 file.ec_base INFO setRate(1000000.000000) done
2023-12-09 21:59:28,209 file.ec_base INFO setRate(1000.000000) done
2023-12-09 21:59:28,209 file.rtobject INFO 1 execution context was created.
2023-12-09 21:59:28,209 file.rtobject INFO Initial active configuration set is default.
2023-12-09 21:59:42,313 file.ManagerServant INFO Master manager not found
2023-12-09 21:59:52,389 file.ManagerServant INFO Master manager not found
2023-12-09 21:59:56,197 file.SdoServiceAdmin WARNING No available SDO service in the factory: 
2023-12-09 21:59:56,197 file.SdoServiceAdmin ERROR type  not exists.
2023-12-09 22:00:02,472 file.ManagerServant INFO Master manager not found
2023-12-09 22:00:08,115 file.ec_base WARNING The component is not responding.
2023-12-09 22:00:08,115 file.ec_base ERROR Unknown error: Invalid state transition.
2023-12-09 22:00:12,577 file.ManagerServant INFO Master manager not found
