2023-11-25 14:24:48,387 file.manager INFO 2.0.1
2023-11-25 14:24:48,388 file.manager INFO Copyright (C) 2003-2022, Noriaki Ando and OpenRTM development team,
2023-11-25 14:24:48,389 file.manager INFO   Intelligent Systems Research Institute, AIST,
2023-11-25 14:24:48,389 file.manager INFO Copyright (C) 2022, Noriaki Ando and OpenRTM development team,
2023-11-25 14:24:48,389 file.manager INFO   Industrial Cyber-Physical Research Center, AIST,
2023-11-25 14:24:48,390 file.manager INFO   All right reserved.
2023-11-25 14:24:48,390 file.manager INFO Manager starting.
2023-11-25 14:24:48,391 file.manager INFO Starting local logging.
2023-11-25 14:24:48,422 file.manager.namingmanager INFO NameServer connection succeeded: corba/localhost
2023-11-25 14:24:52,540 file.ManagerServant INFO Master manager not found
2023-11-25 14:24:52,543 file.LocalServiceAdmin INFO All the local services are enabled.
2023-11-25 14:24:52,553 file.manager INFO Component type conf file: cam_image_out.conf loaded.
2023-11-25 14:24:52,556 file.ec_base INFO setRate(1000000.000000) done
2023-11-25 14:24:52,557 file.ec_base INFO setRate(1000.000000) done
2023-11-25 14:24:52,558 file.rtobject INFO 1 execution context was created.
2023-11-25 14:24:52,560 file.rtobject INFO Initial active configuration set is default.
2023-11-25 14:25:04,905 file.ec_base WARNING The component is not responding.
2023-11-25 14:25:04,906 file.ec_base ERROR Unknown error: Invalid state transition.
2023-11-25 14:25:06,738 file.ManagerServant INFO Master manager not found
2023-11-25 14:25:16,778 file.ManagerServant INFO Master manager not found
2023-11-25 14:25:26,812 file.ManagerServant INFO Master manager not found
2023-11-25 14:25:36,873 file.ManagerServant INFO Master manager not found
