2023-12-09 22:00:48,578 file.manager INFO 2.0.1
2023-12-09 22:00:48,578 file.manager INFO Copyright (C) 2003-2022, Noriaki Ando and OpenRTM development team,
2023-12-09 22:00:48,578 file.manager INFO   Intelligent Systems Research Institute, AIST,
2023-12-09 22:00:48,578 file.manager INFO Copyright (C) 2022, Noriaki Ando and OpenRTM development team,
2023-12-09 22:00:48,578 file.manager INFO   Industrial Cyber-Physical Research Center, AIST,
2023-12-09 22:00:48,578 file.manager INFO   All right reserved.
2023-12-09 22:00:48,578 file.manager INFO Manager starting.
2023-12-09 22:00:48,578 file.manager INFO Starting local logging.
2023-12-09 22:00:48,584 file.manager.namingmanager INFO NameServer connection succeeded: corba/localhost
2023-12-09 22:00:52,642 file.ManagerServant INFO Master manager not found
2023-12-09 22:00:52,643 file.LocalServiceAdmin INFO All the local services are enabled.
2023-12-09 22:00:52,647 file.manager INFO Component type conf file: present_time.conf loaded.
2023-12-09 22:00:52,648 file.ec_base INFO setRate(1000000.000000) done
2023-12-09 22:00:52,648 file.ec_base INFO setRate(1000.000000) done
2023-12-09 22:00:52,648 file.rtobject INFO 1 execution context was created.
2023-12-09 22:00:52,649 file.rtobject INFO Initial active configuration set is default.
2023-12-09 22:01:06,776 file.ManagerServant INFO Master manager not found
2023-12-09 22:01:16,767 file.ManagerServant INFO Master manager not found
2023-12-09 22:01:17,164 file.SdoServiceAdmin WARNING No available SDO service in the factory: 
2023-12-09 22:01:17,164 file.SdoServiceAdmin ERROR type  not exists.
2023-12-09 22:01:26,835 file.ManagerServant INFO Master manager not found
2023-12-09 22:01:36,908 file.ManagerServant INFO Master manager not found
2023-12-09 22:01:46,995 file.ManagerServant INFO Master manager not found
2023-12-09 22:01:57,073 file.ManagerServant INFO Master manager not found
2023-12-09 22:02:07,134 file.ManagerServant INFO Master manager not found
