2023-11-29 01:55:39,204 file.manager INFO 2.0.1
2023-11-29 01:55:39,204 file.manager INFO Copyright (C) 2003-2022, Noriaki Ando and OpenRTM development team,
2023-11-29 01:55:39,204 file.manager INFO   Intelligent Systems Research Institute, AIST,
2023-11-29 01:55:39,204 file.manager INFO Copyright (C) 2022, Noriaki Ando and OpenRTM development team,
2023-11-29 01:55:39,204 file.manager INFO   Industrial Cyber-Physical Research Center, AIST,
2023-11-29 01:55:39,204 file.manager INFO   All right reserved.
2023-11-29 01:55:39,204 file.manager INFO Manager starting.
2023-11-29 01:55:39,204 file.manager INFO Starting local logging.
2023-11-29 01:55:43,272 file.manager.namingmanager INFO NameServer connection failed: corba/localhost
2023-11-29 01:55:47,316 file.ManagerServant INFO Master manager not found
2023-11-29 01:55:47,323 file.LocalServiceAdmin INFO All the local services are enabled.
2023-11-29 01:55:47,325 file.manager INFO Component type conf file: notification.conf loaded.
2023-11-29 01:55:47,326 file.ec_base INFO setRate(1000000.000000) done
2023-11-29 01:55:47,326 file.ec_base INFO setRate(1000.000000) done
2023-11-29 01:55:47,326 file.rtobject INFO 1 execution context was created.
2023-11-29 01:55:47,327 file.rtobject INFO Initial active configuration set is default.
2023-11-29 01:56:01,500 file.manager.namingmanager INFO NameServer connection failed: corba/localhost
2023-11-29 01:56:05,582 file.ManagerServant INFO Master manager not found
2023-11-29 01:56:11,538 file.manager.namingmanager INFO NameServer connection failed: corba/localhost
2023-11-29 01:56:15,592 file.ManagerServant INFO Master manager not found
2023-11-29 01:56:21,601 file.manager.namingmanager INFO NameServer connection failed: corba/localhost
2023-11-29 01:56:25,635 file.ManagerServant INFO Master manager not found
2023-11-29 01:56:27,564 file.manager.namingmanager INFO NameServer connection succeeded: corba/localhost
2023-11-29 01:56:27,564 file.manager.namingmanager INFO Connected to a name server: corba/localhost
2023-11-29 01:56:31,638 file.ManagerServant INFO Master manager not found
2023-11-29 01:56:41,638 file.ManagerServant INFO Master manager not found
2023-11-29 01:56:41,695 file.SdoServiceAdmin WARNING No available SDO service in the factory: 
2023-11-29 01:56:41,695 file.SdoServiceAdmin ERROR type  not exists.
2023-11-29 01:56:51,651 file.ManagerServant INFO Master manager not found
2023-11-29 01:57:01,662 file.ManagerServant INFO Master manager not found
2023-11-29 01:57:11,700 file.ManagerServant INFO Master manager not found
2023-11-29 01:57:21,708 file.ManagerServant INFO Master manager not found
2023-11-29 01:57:31,802 file.ManagerServant INFO Master manager not found
2023-11-29 01:57:41,890 file.ManagerServant INFO Master manager not found
2023-11-29 01:57:51,893 file.ManagerServant INFO Master manager not found
2023-11-29 01:58:02,019 file.ManagerServant INFO Master manager not found
2023-11-29 01:58:12,000 file.ManagerServant INFO Master manager not found
2023-11-29 01:58:22,019 file.ManagerServant INFO Master manager not found
2023-11-29 01:58:32,089 file.ManagerServant INFO Master manager not found
