2023-11-29 02:00:26,272 file.manager INFO 2.0.1
2023-11-29 02:00:26,272 file.manager INFO Copyright (C) 2003-2022, Noriaki Ando and OpenRTM development team,
2023-11-29 02:00:26,272 file.manager INFO   Intelligent Systems Research Institute, AIST,
2023-11-29 02:00:26,272 file.manager INFO Copyright (C) 2022, Noriaki Ando and OpenRTM development team,
2023-11-29 02:00:26,272 file.manager INFO   Industrial Cyber-Physical Research Center, AIST,
2023-11-29 02:00:26,272 file.manager INFO   All right reserved.
2023-11-29 02:00:26,272 file.manager INFO Manager starting.
2023-11-29 02:00:26,272 file.manager INFO Starting local logging.
2023-11-29 02:00:26,278 file.manager.namingmanager INFO NameServer connection succeeded: corba/localhost
2023-11-29 02:00:30,334 file.ManagerServant INFO Master manager not found
2023-11-29 02:00:30,335 file.LocalServiceAdmin INFO All the local services are enabled.
2023-11-29 02:00:30,337 file.manager INFO Component type conf file: notification.conf loaded.
2023-11-29 02:00:30,337 file.ec_base INFO setRate(1000000.000000) done
2023-11-29 02:00:30,337 file.ec_base INFO setRate(1000.000000) done
2023-11-29 02:00:30,338 file.rtobject INFO 1 execution context was created.
2023-11-29 02:00:30,338 file.rtobject INFO Initial active configuration set is default.
2023-11-29 02:00:44,527 file.ManagerServant INFO Master manager not found
2023-11-29 02:00:54,566 file.ManagerServant INFO Master manager not found
2023-11-29 02:01:04,555 file.ManagerServant INFO Master manager not found
2023-11-29 02:01:14,659 file.ManagerServant INFO Master manager not found
2023-11-29 02:01:24,691 file.ManagerServant INFO Master manager not found
2023-11-29 02:01:34,828 file.ManagerServant INFO Master manager not found
2023-11-29 02:01:44,805 file.ManagerServant INFO Master manager not found
2023-11-29 02:01:54,840 file.ManagerServant INFO Master manager not found
2023-11-29 02:02:04,925 file.ManagerServant INFO Master manager not found
2023-11-29 02:02:14,988 file.ManagerServant INFO Master manager not found
