2023-12-09 21:59:13,776 file.manager INFO 2.0.1
2023-12-09 21:59:13,776 file.manager INFO Copyright (C) 2003-2022, Noriaki Ando and OpenRTM development team,
2023-12-09 21:59:13,776 file.manager INFO   Intelligent Systems Research Institute, AIST,
2023-12-09 21:59:13,776 file.manager INFO Copyright (C) 2022, Noriaki Ando and OpenRTM development team,
2023-12-09 21:59:13,776 file.manager INFO   Industrial Cyber-Physical Research Center, AIST,
2023-12-09 21:59:13,776 file.manager INFO   All right reserved.
2023-12-09 21:59:13,776 file.manager INFO Manager starting.
2023-12-09 21:59:13,776 file.manager INFO Starting local logging.
2023-12-09 21:59:13,781 file.manager.namingmanager INFO NameServer connection succeeded: corba/localhost
2023-12-09 21:59:17,886 file.ManagerServant INFO Master manager not found
2023-12-09 21:59:17,886 file.LocalServiceAdmin INFO All the local services are enabled.
2023-12-09 21:59:17,891 file.manager INFO Component type conf file: tardy_confirmation.conf loaded.
2023-12-09 21:59:17,892 file.ec_base INFO setRate(1000000.000000) done
2023-12-09 21:59:17,892 file.ec_base INFO setRate(1000.000000) done
2023-12-09 21:59:17,892 file.rtobject INFO 1 execution context was created.
2023-12-09 21:59:17,895 file.rtobject INFO Initial active configuration set is default.
2023-12-09 21:59:32,034 file.ManagerServant INFO Master manager not found
2023-12-09 21:59:42,022 file.ManagerServant INFO Master manager not found
2023-12-09 21:59:52,098 file.ManagerServant INFO Master manager not found
2023-12-09 22:00:02,178 file.ManagerServant INFO Master manager not found
2023-12-09 22:00:12,271 file.ManagerServant INFO Master manager not found
