2023-12-09 21:50:41,233 file.manager INFO 2.0.1
2023-12-09 21:50:41,233 file.manager INFO Copyright (C) 2003-2022, Noriaki Ando and OpenRTM development team,
2023-12-09 21:50:41,233 file.manager INFO   Intelligent Systems Research Institute, AIST,
2023-12-09 21:50:41,233 file.manager INFO Copyright (C) 2022, Noriaki Ando and OpenRTM development team,
2023-12-09 21:50:41,233 file.manager INFO   Industrial Cyber-Physical Research Center, AIST,
2023-12-09 21:50:41,233 file.manager INFO   All right reserved.
2023-12-09 21:50:41,233 file.manager INFO Manager starting.
2023-12-09 21:50:41,233 file.manager INFO Starting local logging.
2023-12-09 21:50:41,239 file.manager.namingmanager INFO NameServer connection succeeded: corba/localhost
2023-12-09 21:50:45,337 file.ManagerServant INFO Master manager not found
2023-12-09 21:50:45,338 file.LocalServiceAdmin INFO All the local services are enabled.
2023-12-09 21:50:45,349 file.manager INFO Component type conf file: tardy_confirmation.conf loaded.
2023-12-09 21:50:45,351 file.ec_base INFO setRate(1000000.000000) done
2023-12-09 21:50:45,351 file.ec_base INFO setRate(1000.000000) done
2023-12-09 21:50:45,351 file.rtobject INFO 1 execution context was created.
2023-12-09 21:50:45,353 file.rtobject INFO Initial active configuration set is default.
2023-12-09 21:50:59,558 file.ManagerServant INFO Master manager not found
2023-12-09 21:51:09,569 file.ManagerServant INFO Master manager not found
2023-12-09 21:51:19,593 file.ManagerServant INFO Master manager not found
2023-12-09 21:51:29,166 file.SdoServiceAdmin WARNING No available SDO service in the factory: 
2023-12-09 21:51:29,166 file.SdoServiceAdmin ERROR type  not exists.
2023-12-09 21:51:29,654 file.ManagerServant INFO Master manager not found
2023-12-09 21:51:39,660 file.ManagerServant INFO Master manager not found
2023-12-09 21:51:49,690 file.ManagerServant INFO Master manager not found
2023-12-09 21:51:59,706 file.ManagerServant INFO Master manager not found
2023-12-09 21:52:09,720 file.ManagerServant INFO Master manager not found
2023-12-09 21:52:19,734 file.ManagerServant INFO Master manager not found
2023-12-09 21:52:29,738 file.ManagerServant INFO Master manager not found
