2023-12-09 21:53:43,037 file.manager INFO 2.0.1
2023-12-09 21:53:43,037 file.manager INFO Copyright (C) 2003-2022, Noriaki Ando and OpenRTM development team,
2023-12-09 21:53:43,037 file.manager INFO   Intelligent Systems Research Institute, AIST,
2023-12-09 21:53:43,037 file.manager INFO Copyright (C) 2022, Noriaki Ando and OpenRTM development team,
2023-12-09 21:53:43,037 file.manager INFO   Industrial Cyber-Physical Research Center, AIST,
2023-12-09 21:53:43,037 file.manager INFO   All right reserved.
2023-12-09 21:53:43,038 file.manager INFO Manager starting.
2023-12-09 21:53:43,038 file.manager INFO Starting local logging.
2023-12-09 21:53:43,043 file.manager.namingmanager INFO NameServer connection succeeded: corba/localhost
2023-12-09 21:53:47,144 file.ManagerServant INFO Master manager not found
2023-12-09 21:53:47,144 file.LocalServiceAdmin INFO All the local services are enabled.
2023-12-09 21:53:47,147 file.manager INFO Component type conf file: tardy_confirmation.conf loaded.
2023-12-09 21:53:47,148 file.ec_base INFO setRate(1000000.000000) done
2023-12-09 21:53:47,148 file.ec_base INFO setRate(1000.000000) done
2023-12-09 21:53:47,148 file.rtobject INFO 1 execution context was created.
2023-12-09 21:53:47,150 file.rtobject INFO Initial active configuration set is default.
2023-12-09 21:54:01,312 file.ManagerServant INFO Master manager not found
2023-12-09 21:54:11,319 file.ManagerServant INFO Master manager not found
2023-12-09 21:54:16,315 file.rtobject ERROR Traceback (most recent call last):
  File "C:\Users\tbou3\AppData\Local\Programs\Python\Python311\Lib\site-packages\OpenRTM_aist\DataFlowComponentBase.py", line 123, in on_execute
    ret = self.onExecute(ec_id)
          ^^^^^^^^^^^^^^^^^^^^^
  File "C:\Users\tbou3\workspace\tardy_confirmation\tardy_confirmation.py", line 198, in onExecute
    student_name =  self._d_student_name_in.data
    ^^^^^^^^^^^^
UnboundLocalError: cannot access local variable 'n_time' where it is not associated with a value

