2023-12-09 22:00:38,062 file.manager INFO 2.0.1
2023-12-09 22:00:38,062 file.manager INFO Copyright (C) 2003-2022, Noriaki Ando and OpenRTM development team,
2023-12-09 22:00:38,062 file.manager INFO   Intelligent Systems Research Institute, AIST,
2023-12-09 22:00:38,062 file.manager INFO Copyright (C) 2022, Noriaki Ando and OpenRTM development team,
2023-12-09 22:00:38,062 file.manager INFO   Industrial Cyber-Physical Research Center, AIST,
2023-12-09 22:00:38,062 file.manager INFO   All right reserved.
2023-12-09 22:00:38,062 file.manager INFO Manager starting.
2023-12-09 22:00:38,062 file.manager INFO Starting local logging.
2023-12-09 22:00:38,068 file.manager.namingmanager INFO NameServer connection succeeded: corba/localhost
2023-12-09 22:00:42,133 file.ManagerServant INFO Master manager not found
2023-12-09 22:00:42,134 file.LocalServiceAdmin INFO All the local services are enabled.
2023-12-09 22:00:42,136 file.manager INFO Component type conf file: tardy_confirmation.conf loaded.
2023-12-09 22:00:42,137 file.ec_base INFO setRate(1000000.000000) done
2023-12-09 22:00:42,137 file.ec_base INFO setRate(1000.000000) done
2023-12-09 22:00:42,137 file.rtobject INFO 1 execution context was created.
2023-12-09 22:00:42,139 file.rtobject INFO Initial active configuration set is default.
2023-12-09 22:00:56,218 file.ManagerServant INFO Master manager not found
2023-12-09 22:01:06,309 file.ManagerServant INFO Master manager not found
2023-12-09 22:01:16,383 file.ManagerServant INFO Master manager not found
2023-12-09 22:01:16,383 file.SdoServiceAdmin WARNING No available SDO service in the factory: 
2023-12-09 22:01:16,383 file.SdoServiceAdmin ERROR type  not exists.
2023-12-09 22:01:26,469 file.ManagerServant INFO Master manager not found
2023-12-09 22:01:36,463 file.ManagerServant INFO Master manager not found
2023-12-09 22:01:46,535 file.ManagerServant INFO Master manager not found
2023-12-09 22:01:56,611 file.ManagerServant INFO Master manager not found
2023-12-09 22:02:06,690 file.ManagerServant INFO Master manager not found
