2023-12-09 21:51:00,344 file.manager INFO 2.0.1
2023-12-09 21:51:00,344 file.manager INFO Copyright (C) 2003-2022, Noriaki Ando and OpenRTM development team,
2023-12-09 21:51:00,344 file.manager INFO   Intelligent Systems Research Institute, AIST,
2023-12-09 21:51:00,344 file.manager INFO Copyright (C) 2022, Noriaki Ando and OpenRTM development team,
2023-12-09 21:51:00,344 file.manager INFO   Industrial Cyber-Physical Research Center, AIST,
2023-12-09 21:51:00,344 file.manager INFO   All right reserved.
2023-12-09 21:51:00,344 file.manager INFO Manager starting.
2023-12-09 21:51:00,344 file.manager INFO Starting local logging.
2023-12-09 21:51:00,352 file.manager.namingmanager INFO NameServer connection succeeded: corba/localhost
2023-12-09 21:51:04,442 file.ManagerServant INFO Master manager not found
2023-12-09 21:51:04,443 file.LocalServiceAdmin INFO All the local services are enabled.
2023-12-09 21:51:04,445 file.manager INFO Component type conf file: cam_image_out.conf loaded.
2023-12-09 21:51:04,445 file.ec_base INFO setRate(1000000.000000) done
2023-12-09 21:51:04,445 file.ec_base INFO setRate(1000.000000) done
2023-12-09 21:51:04,446 file.rtobject INFO 1 execution context was created.
2023-12-09 21:51:04,446 file.rtobject INFO Initial active configuration set is default.
2023-12-09 21:51:18,600 file.ManagerServant INFO Master manager not found
2023-12-09 21:51:28,633 file.ManagerServant INFO Master manager not found
2023-12-09 21:51:38,647 file.ManagerServant INFO Master manager not found
2023-12-09 21:51:48,690 file.ManagerServant INFO Master manager not found
2023-12-09 21:51:55,460 file.ec_base WARNING The component is not responding.
2023-12-09 21:51:55,460 file.ec_base ERROR Unknown error: Invalid state transition.
2023-12-09 21:51:58,699 file.ManagerServant INFO Master manager not found
2023-12-09 21:52:08,723 file.ManagerServant INFO Master manager not found
2023-12-09 21:52:18,725 file.ManagerServant INFO Master manager not found
2023-12-09 21:52:28,740 file.ManagerServant INFO Master manager not found
