2023-12-09 15:22:18,685 file.manager INFO 2.0.1
2023-12-09 15:22:18,685 file.manager INFO Copyright (C) 2003-2022, Noriaki Ando and OpenRTM development team,
2023-12-09 15:22:18,685 file.manager INFO   Intelligent Systems Research Institute, AIST,
2023-12-09 15:22:18,685 file.manager INFO Copyright (C) 2022, Noriaki Ando and OpenRTM development team,
2023-12-09 15:22:18,685 file.manager INFO   Industrial Cyber-Physical Research Center, AIST,
2023-12-09 15:22:18,685 file.manager INFO   All right reserved.
2023-12-09 15:22:18,685 file.manager INFO Manager starting.
2023-12-09 15:22:18,685 file.manager INFO Starting local logging.
2023-12-09 15:22:18,691 file.manager.namingmanager INFO NameServer connection succeeded: corba/localhost
2023-12-09 15:22:22,773 file.ManagerServant INFO Master manager not found
2023-12-09 15:22:22,774 file.LocalServiceAdmin INFO All the local services are enabled.
2023-12-09 15:22:22,776 file.manager INFO Component type conf file: cam_image_out.conf loaded.
2023-12-09 15:22:22,777 file.ec_base INFO setRate(1000000.000000) done
2023-12-09 15:22:22,777 file.ec_base INFO setRate(1000.000000) done
2023-12-09 15:22:22,777 file.rtobject INFO 1 execution context was created.
2023-12-09 15:22:22,778 file.rtobject INFO Initial active configuration set is default.
2023-12-09 15:22:36,942 file.ManagerServant INFO Master manager not found
2023-12-09 15:22:41,464 file.ec_base WARNING The component is not responding.
2023-12-09 15:22:41,464 file.ec_base ERROR Unknown error: Invalid state transition.
2023-12-09 15:22:46,957 file.ManagerServant INFO Master manager not found
2023-12-09 15:22:56,957 file.ManagerServant INFO Master manager not found
2023-12-09 15:23:06,969 file.ManagerServant INFO Master manager not found
2023-12-09 15:23:16,968 file.ManagerServant INFO Master manager not found
2023-12-09 15:23:26,997 file.ManagerServant INFO Master manager not found
2023-12-09 15:23:36,990 file.ManagerServant INFO Master manager not found
2023-12-09 15:23:47,110 file.ManagerServant INFO Master manager not found
2023-12-09 15:23:57,121 file.ManagerServant INFO Master manager not found
2023-12-09 15:24:07,104 file.ManagerServant INFO Master manager not found
2023-12-09 15:24:17,214 file.ManagerServant INFO Master manager not found
