2023-12-09 15:14:11,433 file.manager INFO 2.0.1
2023-12-09 15:14:11,433 file.manager INFO Copyright (C) 2003-2022, Noriaki Ando and OpenRTM development team,
2023-12-09 15:14:11,433 file.manager INFO   Intelligent Systems Research Institute, AIST,
2023-12-09 15:14:11,433 file.manager INFO Copyright (C) 2022, Noriaki Ando and OpenRTM development team,
2023-12-09 15:14:11,433 file.manager INFO   Industrial Cyber-Physical Research Center, AIST,
2023-12-09 15:14:11,433 file.manager INFO   All right reserved.
2023-12-09 15:14:11,433 file.manager INFO Manager starting.
2023-12-09 15:14:11,434 file.manager INFO Starting local logging.
2023-12-09 15:14:11,440 file.manager.namingmanager INFO NameServer connection succeeded: corba/localhost
2023-12-09 15:14:15,541 file.ManagerServant INFO Master manager not found
2023-12-09 15:14:15,542 file.LocalServiceAdmin INFO All the local services are enabled.
2023-12-09 15:14:15,544 file.manager INFO Component type conf file: cam_image_out.conf loaded.
2023-12-09 15:14:15,545 file.ec_base INFO setRate(1000000.000000) done
2023-12-09 15:14:15,545 file.ec_base INFO setRate(1000.000000) done
2023-12-09 15:14:15,545 file.rtobject INFO 1 execution context was created.
2023-12-09 15:14:15,546 file.rtobject INFO Initial active configuration set is default.
2023-12-09 15:14:29,674 file.ManagerServant INFO Master manager not found
2023-12-09 15:14:39,692 file.ManagerServant INFO Master manager not found
2023-12-09 15:14:49,712 file.ManagerServant INFO Master manager not found
2023-12-09 15:14:59,732 file.ManagerServant INFO Master manager not found
2023-12-09 15:15:09,754 file.ManagerServant INFO Master manager not found
2023-12-09 15:15:19,782 file.ManagerServant INFO Master manager not found
2023-12-09 15:15:26,118 file.ec_base WARNING The component is not responding.
2023-12-09 15:15:26,118 file.ec_base ERROR Unknown error: Invalid state transition.
2023-12-09 15:15:29,807 file.ManagerServant INFO Master manager not found
2023-12-09 15:15:39,835 file.ManagerServant INFO Master manager not found
2023-12-09 15:15:49,861 file.ManagerServant INFO Master manager not found
2023-12-09 15:15:59,877 file.ManagerServant INFO Master manager not found
