2023-12-09 21:48:09,224 file.manager INFO 2.0.1
2023-12-09 21:48:09,224 file.manager INFO Copyright (C) 2003-2022, Noriaki Ando and OpenRTM development team,
2023-12-09 21:48:09,224 file.manager INFO   Intelligent Systems Research Institute, AIST,
2023-12-09 21:48:09,224 file.manager INFO Copyright (C) 2022, Noriaki Ando and OpenRTM development team,
2023-12-09 21:48:09,224 file.manager INFO   Industrial Cyber-Physical Research Center, AIST,
2023-12-09 21:48:09,224 file.manager INFO   All right reserved.
2023-12-09 21:48:09,224 file.manager INFO Manager starting.
2023-12-09 21:48:09,224 file.manager INFO Starting local logging.
2023-12-09 21:48:13,349 file.manager.namingmanager INFO NameServer connection failed: corba/localhost
2023-12-09 21:48:23,934 file.ManagerServant INFO Master manager not found
2023-12-09 21:48:23,935 file.LocalServiceAdmin INFO All the local services are enabled.
2023-12-09 21:48:23,945 file.manager INFO Component type conf file: cam_image_out.conf loaded.
2023-12-09 21:48:23,947 file.ec_base INFO setRate(1000000.000000) done
2023-12-09 21:48:23,947 file.ec_base INFO setRate(1000.000000) done
2023-12-09 21:48:23,947 file.rtobject INFO 1 execution context was created.
2023-12-09 21:48:23,948 file.rtobject INFO Initial active configuration set is default.
2023-12-09 21:48:38,102 file.manager.namingmanager INFO NameServer connection failed: corba/localhost
2023-12-09 21:48:42,145 file.ManagerServant INFO Master manager not found
2023-12-09 21:48:48,095 file.manager.namingmanager INFO NameServer connection failed: corba/localhost
2023-12-09 21:48:52,137 file.ManagerServant INFO Master manager not found
2023-12-09 21:48:54,146 file.manager.namingmanager INFO NameServer connection succeeded: corba/localhost
2023-12-09 21:48:54,146 file.manager.namingmanager INFO Connected to a name server: corba/localhost
2023-12-09 21:48:58,188 file.ManagerServant INFO Master manager not found
2023-12-09 21:49:07,399 file.ec_base WARNING The component is not responding.
2023-12-09 21:49:07,399 file.ec_base ERROR Unknown error: Invalid state transition.
2023-12-09 21:49:08,251 file.ManagerServant INFO Master manager not found
2023-12-09 21:49:18,321 file.ManagerServant INFO Master manager not found
2023-12-09 21:49:28,435 file.ManagerServant INFO Master manager not found
2023-12-09 21:49:38,437 file.ManagerServant INFO Master manager not found
2023-12-09 21:49:48,439 file.ManagerServant INFO Master manager not found
2023-12-09 21:49:58,450 file.ManagerServant INFO Master manager not found
2023-12-09 21:50:08,457 file.ManagerServant INFO Master manager not found
