2023-12-09 15:42:46,012 file.manager INFO 2.0.1
2023-12-09 15:42:46,012 file.manager INFO Copyright (C) 2003-2022, Noriaki Ando and OpenRTM development team,
2023-12-09 15:42:46,012 file.manager INFO   Intelligent Systems Research Institute, AIST,
2023-12-09 15:42:46,013 file.manager INFO Copyright (C) 2022, Noriaki Ando and OpenRTM development team,
2023-12-09 15:42:46,013 file.manager INFO   Industrial Cyber-Physical Research Center, AIST,
2023-12-09 15:42:46,013 file.manager INFO   All right reserved.
2023-12-09 15:42:46,013 file.manager INFO Manager starting.
2023-12-09 15:42:46,013 file.manager INFO Starting local logging.
2023-12-09 15:42:46,019 file.manager.namingmanager INFO NameServer connection succeeded: corba/localhost
2023-12-09 15:42:50,093 file.ManagerServant INFO Master manager not found
2023-12-09 15:42:50,094 file.LocalServiceAdmin INFO All the local services are enabled.
2023-12-09 15:42:50,097 file.manager INFO Component type conf file: cam_image_out.conf loaded.
2023-12-09 15:42:50,098 file.ec_base INFO setRate(1000000.000000) done
2023-12-09 15:42:50,098 file.ec_base INFO setRate(1000.000000) done
2023-12-09 15:42:50,098 file.rtobject INFO 1 execution context was created.
2023-12-09 15:42:50,099 file.rtobject INFO Initial active configuration set is default.
2023-12-09 15:43:04,225 file.ManagerServant INFO Master manager not found
2023-12-09 15:43:14,226 file.ManagerServant INFO Master manager not found
2023-12-09 15:43:24,232 file.ManagerServant INFO Master manager not found
2023-12-09 15:43:29,404 file.ec_base WARNING The component is not responding.
2023-12-09 15:43:29,404 file.ec_base ERROR Unknown error: Invalid state transition.
2023-12-09 15:43:34,247 file.ManagerServant INFO Master manager not found
