2023-12-09 21:53:38,920 file.manager INFO 2.0.1
2023-12-09 21:53:38,920 file.manager INFO Copyright (C) 2003-2022, Noriaki Ando and OpenRTM development team,
2023-12-09 21:53:38,920 file.manager INFO   Intelligent Systems Research Institute, AIST,
2023-12-09 21:53:38,920 file.manager INFO Copyright (C) 2022, Noriaki Ando and OpenRTM development team,
2023-12-09 21:53:38,920 file.manager INFO   Industrial Cyber-Physical Research Center, AIST,
2023-12-09 21:53:38,920 file.manager INFO   All right reserved.
2023-12-09 21:53:38,920 file.manager INFO Manager starting.
2023-12-09 21:53:38,920 file.manager INFO Starting local logging.
2023-12-09 21:53:38,925 file.manager.namingmanager INFO NameServer connection succeeded: corba/localhost
2023-12-09 21:53:43,030 file.ManagerServant INFO Master manager not found
2023-12-09 21:53:43,031 file.LocalServiceAdmin INFO All the local services are enabled.
2023-12-09 21:53:43,033 file.manager INFO Component type conf file: cam_image_out.conf loaded.
2023-12-09 21:53:43,033 file.ec_base INFO setRate(1000000.000000) done
2023-12-09 21:53:43,034 file.ec_base INFO setRate(1000.000000) done
2023-12-09 21:53:43,034 file.rtobject INFO 1 execution context was created.
2023-12-09 21:53:43,035 file.rtobject INFO Initial active configuration set is default.
2023-12-09 21:53:57,197 file.ManagerServant INFO Master manager not found
2023-12-09 21:54:07,228 file.ManagerServant INFO Master manager not found
2023-12-09 21:54:10,486 file.ec_base WARNING The component is not responding.
2023-12-09 21:54:10,486 file.ec_base ERROR Unknown error: Invalid state transition.
2023-12-09 21:54:17,241 file.ManagerServant INFO Master manager not found
